<?xml version="1.0" encoding="UTF-8"?>
<testng-results skipped="0" failed="0" ignored="0" total="1" passed="1">
  <reporter-output>
  </reporter-output>
  <suite name="Suite1" duration-ms="43" started-at="2019-01-03T09:04:08Z" finished-at="2019-01-03T09:04:08Z">
    <groups>
    </groups>
    <test name="Nopackage" duration-ms="43" started-at="2019-01-03T09:04:08Z" finished-at="2019-01-03T09:04:08Z">
      <class name="com.sample.scripts.Invoke">
        <test-method status="PASS" signature="m1()[pri:0, instance:com.sample.scripts.Invoke@59a6e353]" name="m1" duration-ms="6" started-at="2019-01-03T09:04:08Z" finished-at="2019-01-03T09:04:08Z">
          <reporter-output>
          </reporter-output>
        </test-method> <!-- m1 -->
      </class> <!-- com.sample.scripts.Invoke -->
    </test> <!-- Nopackage -->
  </suite> <!-- Suite1 -->
</testng-results>
